<?xml version="1.0" encoding="UTF-8"?>
<!-- Generated by org.testng.reporters.JUnitReportReporter -->
<testsuite hostname="blaisePC" failures="0" tests="10" name="com.blaiseExample.selenium.tests.LoginPageTest" time="22.166" errors="0" timestamp="2025-07-06T12:31:56 EDT" skipped="0">
  <testcase classname="com.blaiseExample.selenium.tests.LoginPageTest" name="testInvalidLogins" time="1.774"/>
  <testcase classname="com.blaiseExample.selenium.tests.LoginPageTest" name="assertPageStructure" time="1.521"/>
  <testcase classname="com.blaiseExample.selenium.tests.LoginPageTest" name="testInvalidLogins" time="3.170"/>
  <testcase classname="com.blaiseExample.selenium.tests.LoginPageTest" name="forgotPasswordTrigger" time="2.749"/>
  <testcase classname="com.blaiseExample.selenium.tests.LoginPageTest" name="testInvalidLogins" time="1.778"/>
  <testcase classname="com.blaiseExample.selenium.tests.LoginPageTest" name="validLogin" time="2.655"/>
  <testcase classname="com.blaiseExample.selenium.tests.LoginPageTest" name="testInvalidLogins" time="1.937"/>
  <testcase classname="com.blaiseExample.selenium.tests.LoginPageTest" name="backToHomeTrigger" time="2.140"/>
  <testcase classname="com.blaiseExample.selenium.tests.LoginPageTest" name="signupTrigger" time="2.521"/>
  <testcase classname="com.blaiseExample.selenium.tests.LoginPageTest" name="testInvalidLogins" time="1.921"/>
</testsuite> <!-- com.blaiseExample.selenium.tests.LoginPageTest -->
